[debug] [2017-09-29T19:42:49.493Z] ----------------------------------------------------------------------
[debug] [2017-09-29T19:42:49.496Z] Command:       /Users/briancortes/.nvm/versions/node/v6.11.3/bin/node /Users/briancortes/.nvm/versions/node/v6.11.3/bin/firebase deploy
[debug] [2017-09-29T19:42:49.496Z] CLI Version:   3.12.0
[debug] [2017-09-29T19:42:49.496Z] Platform:      darwin
[debug] [2017-09-29T19:42:49.496Z] Node Version:  v6.11.3
[debug] [2017-09-29T19:42:49.497Z] Time:          Fri Sep 29 2017 14:42:49 GMT-0500 (-05)
[debug] [2017-09-29T19:42:49.497Z] ----------------------------------------------------------------------
[debug] 
[debug] [2017-09-29T19:42:49.511Z] > command requires scopes: ["email","openid","https://www.googleapis.com/auth/cloudplatformprojects.readonly","https://www.googleapis.com/auth/firebase","https://www.googleapis.com/auth/cloud-platform"]
[debug] [2017-09-29T19:42:49.511Z] > authorizing via signed-in user
[debug] [2017-09-29T19:42:49.513Z] > refreshing access token with scopes: ["email","https://www.googleapis.com/auth/cloud-platform","https://www.googleapis.com/auth/cloudplatformprojects.readonly","https://www.googleapis.com/auth/firebase","openid"]
[debug] [2017-09-29T19:42:49.514Z] >>> HTTP REQUEST POST https://www.googleapis.com/oauth2/v3/token { refresh_token: '1/OR1U0064jIlgDakZA82xtrOdQhK32gd6lPTH3hNqmU4',
  client_id: '563584335869-fgrhgmd47bqnekij5i8b5pr03ho849e6.apps.googleusercontent.com',
  client_secret: 'j9iVZfS8kkCEFUPaAeJV0sAi',
  grant_type: 'refresh_token',
  scope: 'email https://www.googleapis.com/auth/cloud-platform https://www.googleapis.com/auth/cloudplatformprojects.readonly https://www.googleapis.com/auth/firebase openid' } 
 Fri Sep 29 2017 14:42:49 GMT-0500 (-05)
[debug] [2017-09-29T19:42:49.817Z] <<< HTTP RESPONSE 200
[debug] [2017-09-29T19:42:49.832Z] >>> HTTP REQUEST GET https://admin.firebase.com/v1/projects/monokupokemos  
 Fri Sep 29 2017 14:42:49 GMT-0500 (-05)
[debug] [2017-09-29T19:42:50.440Z] <<< HTTP RESPONSE 200
[debug] [2017-09-29T19:42:50.442Z] >>> HTTP REQUEST GET https://admin.firebase.com/v1/database/monokupokemos/tokens  
 Fri Sep 29 2017 14:42:50 GMT-0500 (-05)
[debug] [2017-09-29T19:42:51.193Z] <<< HTTP RESPONSE 200
[info] 
[info] === Deploying to 'monokupokemos'...
[info] 
[info] i  deploying database, functions, hosting
[info] ✔  database: rules ready to deploy.
[debug] [2017-09-29T19:42:52.378Z] > [functions] package.json contents: {
  "name": "functions",
  "description": "Cloud Functions for Firebase",
  "dependencies": {
    "firebase-admin": "~5.2.1",
    "firebase-functions": "^0.6.2"
  },
  "private": true
}
[info] i  functions: ensuring necessary APIs are enabled...
[info] i  runtimeconfig: ensuring necessary APIs are enabled...
[debug] [2017-09-29T19:42:52.380Z] >>> HTTP REQUEST GET https://servicemanagement.googleapis.com/v1/services/cloudfunctions.googleapis.com/projectSettings/monokupokemos?view=CONSUMER_VIEW  
 Fri Sep 29 2017 14:42:52 GMT-0500 (-05)
[debug] [2017-09-29T19:42:52.381Z] >>> HTTP REQUEST GET https://servicemanagement.googleapis.com/v1/services/runtimeconfig.googleapis.com/projectSettings/monokupokemos?view=CONSUMER_VIEW  
 Fri Sep 29 2017 14:42:52 GMT-0500 (-05)
[debug] [2017-09-29T19:42:53.391Z] <<< HTTP RESPONSE 200
[info] ✔  runtimeconfig: all necessary APIs are enabled
[debug] [2017-09-29T19:42:53.411Z] <<< HTTP RESPONSE 200
[info] ✔  functions: all necessary APIs are enabled
[debug] [2017-09-29T19:42:53.413Z] >>> HTTP REQUEST GET https://appengine.googleapis.com/v1/apps/monokupokemos  
 Fri Sep 29 2017 14:42:53 GMT-0500 (-05)
[debug] [2017-09-29T19:42:53.414Z] >>> HTTP REQUEST GET https://apikeys.googleapis.com/v1/projects/monokupokemos/apiKeys  
 Fri Sep 29 2017 14:42:53 GMT-0500 (-05)
[debug] [2017-09-29T19:42:54.002Z] <<< HTTP RESPONSE 200
[debug] [2017-09-29T19:42:54.212Z] <<< HTTP RESPONSE 200
[info] i  functions: preparing functions directory for uploading...
[debug] [2017-09-29T19:42:56.908Z] >>> HTTP REQUEST GET https://runtimeconfig.googleapis.com/v1beta1/projects/monokupokemos/configs  
 Fri Sep 29 2017 14:42:56 GMT-0500 (-05)
[debug] [2017-09-29T19:42:57.220Z] <<< HTTP RESPONSE 200
[info] i  hosting: preparing public directory for upload...
[debug] [2017-09-29T19:42:57.580Z] >>> HTTP REQUEST PUT https://deploy.firebase.com/v1/hosting/monokupokemos/uploads/-KvE9RBwj7sQGI_Hlt86?fileCount=7&message=  
 Fri Sep 29 2017 14:42:57 GMT-0500 (-05)
[debug] [2017-09-29T19:43:38.453Z] <<< HTTP RESPONSE 502
[debug] [2017-09-29T19:43:38.453Z] <<< HTTP RESPONSE BODY <html>
<head><title>502 Bad Gateway</title></head>
<body bgcolor="white">
<center><h1>502 Bad Gateway</h1></center>
<hr><center>nginx</center>
</body>
</html>

[debug] [2017-09-29T19:43:38.455Z] TypeError: Cannot create property 'error' on string '<html>
<head><title>502 Bad Gateway</title></head>
<body bgcolor="white">
<center><h1>502 Bad Gateway</h1></center>
<hr><center>nginx</center>
</body>
</html>
'
    at module.exports (/Users/briancortes/.nvm/versions/node/v6.11.3/lib/node_modules/firebase-tools/lib/responseToError.js:11:16)
    at Request._callback (/Users/briancortes/.nvm/versions/node/v6.11.3/lib/node_modules/firebase-tools/lib/api.js:43:25)
    at Request.self.callback (/Users/briancortes/.nvm/versions/node/v6.11.3/lib/node_modules/firebase-tools/node_modules/request/request.js:186:22)
    at emitTwo (events.js:106:13)
    at Request.emit (events.js:191:7)
    at Request.<anonymous> (/Users/briancortes/.nvm/versions/node/v6.11.3/lib/node_modules/firebase-tools/node_modules/request/request.js:1163:10)
    at emitOne (events.js:96:13)
    at Request.emit (events.js:188:7)
    at IncomingMessage.<anonymous> (/Users/briancortes/.nvm/versions/node/v6.11.3/lib/node_modules/firebase-tools/node_modules/request/request.js:1085:12)
    at IncomingMessage.g (events.js:292:16)
[error] 
[error] Error: An unexpected error has occurred.
